9 Disable 1rag1 type parameters (Recommended)
13 Disable Ragexe Filename Check (Recommended)
270 Change AchievementList*.lub path
272 Change Towninfo*.lub path
273 Change PetEvolutionCln*.lub path
274 Change Tipbox*.lub path
275 Change CheckAttendance*.lub path
276 Change OngoingQuestInfoList*.lub path
277 Change RecommendedQuestInfoList*.lub path
278 Change PrivateAirplane*.lub path
23 Enable /who command (Recommended)
290 Hide build info in client (Recommended)
34 Enable /showname (Recommended)
291 Hide packets from peek (Recommended)
36 Read msgstringtable.txt (Recommended)
38 Remove Gravity Ads (Recommended)
39 Remove Gravity Logo (Recommended)
41 Disable Nagle Algorithm (Recommended)
44 Translate Client (Recommended)
46 Use Normal Guild Brackets (Recommended)
49 Enable Multiple GRFs (Recommended)
64 @ Bug Fix (Recommended)
65 Load Custom lua file instead of iteminfo*.lub (Recommended)
73 Remove Hourly Announce (Recommended)
84 Remove Serial Display (Recommended)
90 Enable DNS Support (Recommended)
213 Disable Help Message on Login (Recommended)
231 Remove hardcoded address/port (Recommended)
232 Restore old login packet (Recommended)
